[1113/221723.525:ERROR:crash_report_database_win.cc(457)] unexpected header
[1117/200701.777:ERROR:crash_report_database_win.cc(457)] unexpected header
[1120/201749.438:ERROR:crash_report_database_win.cc(455)] unexpected header
[1120/212654.455:ERROR:crash_report_database_win.cc(455)] unexpected header
[1123/194644.407:ERROR:crash_report_database_win.cc(455)] unexpected header
[1124/193717.445:ERROR:directory_reader_win.cc(43)] FindFirstFile: The system cannot find the path specified. (0x3)
[1124/204439.191:ERROR:directory_reader_win.cc(43)] FindFirstFile: The system cannot find the path specified. (0x3)
[1125/152646.948:ERROR:crash_report_database_win.cc(455)] unexpected header
[1125/153913.807:ERROR:crash_report_database_win.cc(455)] unexpected header
[1125/154343.526:ERROR:crash_report_database_win.cc(455)] unexpected header
[1125/155312.336:ERROR:crash_report_database_win.cc(455)] unexpected header
[1125/161456.973:ERROR:directory_reader_win.cc(43)] FindFirstFile: The system cannot find the path specified. (0x3)
[1125/184937.256:ERROR:crash_report_database_win.cc(455)] unexpected header
<<<<<<< HEAD
[0112/151844.004:ERROR:directory_reader_win.cc(43)] FindFirstFile: The system cannot find the path specified. (0x3)
=======
[0112/164540.847:ERROR:directory_reader_win.cc(43)] FindFirstFile: The system cannot find the path specified. (0x3)
>>>>>>> 57ec17dd93ad5851037eb569a9041679497582c9
[0112/205724.038:ERROR:directory_reader_win.cc(43)] FindFirstFile: The system cannot find the path specified. (0x3)
[0114/181919.401:ERROR:directory_reader_win.cc(43)] FindFirstFile: The system cannot find the path specified. (0x3)
[0114/211634.491:ERROR:directory_reader_win.cc(43)] FindFirstFile: The system cannot find the path specified. (0x3)
[0115/111539.816:ERROR:directory_reader_win.cc(43)] FindFirstFile: The system cannot find the path specified. (0x3)
[0115/204626.206:ERROR:directory_reader_win.cc(43)] FindFirstFile: The system cannot find the path specified. (0x3)
[0115/223243.738:ERROR:directory_reader_win.cc(43)] FindFirstFile: The system cannot find the path specified. (0x3)
[0118/162813.195:ERROR:directory_reader_win.cc(43)] FindFirstFile: The system cannot find the path specified. (0x3)
[0120/220059.716:ERROR:directory_reader_win.cc(43)] FindFirstFile: The system cannot find the path specified. (0x3)
[0125/163749.399:ERROR:directory_reader_win.cc(43)] FindFirstFile: The system cannot find the path specified. (0x3)
